<?xml version="1.0" encoding="UTF-8"?>
<!-- Generated by org.testng.reporters.JUnitReportReporter -->
<testsuite hostname="IN-PG02NMCV" failures="0" tests="3" name="devopsDemo.LaunchBrowser" time="20.091" errors="0" timestamp="2023-08-15T13:30:22 IST" skipped="0">
  <testcase classname="devopsDemo.LaunchBrowser" name="myTest" time="0.008"/>
  <system-out/>
  <testcase classname="devopsDemo.LaunchBrowser" name="myTest2" time="20.081"/>
  <system-out/>
  <testcase classname="devopsDemo.LaunchBrowser" name="myTest3" time="0.002"/>
  <system-out/>
</testsuite> <!-- devopsDemo.LaunchBrowser -->
