<?xml version="1.0" encoding="UTF-8"?>
<!-- Generated by org.testng.reporters.JUnitReportReporter -->
<testsuite hostname="IN-PG02NMCV" failures="0" tests="3" name="devopsDemo.LaunchBrowser" time="22.068" errors="0" timestamp="15 Aug 2023 08:23:57 GMT" skipped="0">
  <testcase classname="devopsDemo.LaunchBrowser" name="myTest3" time="0.001"/>
  <testcase classname="devopsDemo.LaunchBrowser" name="myTest" time="0.009"/>
  <testcase classname="devopsDemo.LaunchBrowser" name="myTest2" time="22.058"/>
</testsuite> <!-- devopsDemo.LaunchBrowser -->
